Removed Pin From Net: NetName=VDDCLK_B Pin=C?-1
Removed Pin From Net: NetName=VDDVCO_B Pin=C?-2
Removed Pin From Net: NetName=JTAG_TCK Pin=J?-6
Removed Pin From Net: NetName=3V3 Pin=R?-1
Removed Pin From Net: NetName=3V3_SDIO Pin=R?-2
Removed Pin From Net: NetName=SPI_CS0 Pin=U?-1
Removed Pin From Net: NetName=SPI_Q Pin=U?-2
Removed Pin From Net: NetName=SPI_WP Pin=U?-3
Removed Pin From Net: NetName=SPI_D Pin=U?-5
Removed Pin From Net: NetName=SPI_CLK Pin=U?-6
Removed Pin From Net: NetName=SPI_HD Pin=U?-7
Removed Member From Class: ClassName=DECAWAVE Member=U3
Added Pin To Net: NetName=GND Pin=C?-1
Added Pin To Net: NetName=GND Pin=C?-1
Added Pin To Net: NetName=GND Pin=C?-1
Added Pin To Net: NetName=GND Pin=C?-1
Added Pin To Net: NetName=GND Pin=C?-1
Added Pin To Net: NetName=GND Pin=C?-1
Added Pin To Net: NetName=GND Pin=C?-1
Added Pin To Net: NetName=GND Pin=C?-1
Added Pin To Net: NetName=NetC?_1 Pin=C?-1
Added Pin To Net: NetName=VDDCLK_A Pin=C?-1
Added Pin To Net: NetName=VDDCLK_B Pin=C?-1
Added Pin To Net: NetName=32K_X_N Pin=C?-2
Added Pin To Net: NetName=32K_X_P Pin=C?-2
Added Pin To Net: NetName=LNA_IN Pin=C?-2
Added Pin To Net: NetName=NetC18A1_2 Pin=C?-2
Added Pin To Net: NetName=NetC18B1_2 Pin=C?-2
Added Pin To Net: NetName=NetC19A1_2 Pin=C?-2
Added Pin To Net: NetName=NetC19B1_2 Pin=C?-2
Added Pin To Net: NetName=NetC?_2 Pin=C?-2
Added Pin To Net: NetName=RFA_N Pin=C?-2
Added Pin To Net: NetName=RFA_P Pin=C?-2
Added Pin To Net: NetName=RFB_N Pin=C?-2
Added Pin To Net: NetName=RFB_P Pin=C?-2
Added Pin To Net: NetName=VDDCLK_A Pin=C?-2
Added Pin To Net: NetName=VDDCLK_B Pin=C?-2
Added Pin To Net: NetName=VDDVCO_A Pin=C?-2
Added Pin To Net: NetName=VDDVCO_B Pin=C?-2
Added Pin To Net: NetName=GND Pin=J?-1
Added Pin To Net: NetName=JTAG_TMS Pin=J?-2
Added Pin To Net: NetName=GND Pin=J?-3
Added Pin To Net: NetName=JTAG_TDI Pin=J?-4
Added Pin To Net: NetName=GND Pin=J?-5
Added Pin To Net: NetName=GND Pin=J?-6
Added Pin To Net: NetName=JTAG_TCK Pin=J?-6
Added Pin To Net: NetName=GND Pin=J?-7
Added Pin To Net: NetName=JTAG_TDO Pin=J?-8
Added Pin To Net: NetName=3V3 Pin=R?-1
Added Pin To Net: NetName=3V3_SDIO Pin=R?-2
Added Pin To Net: NetName=NetC12A_1 Pin=R?-2
Added Pin To Net: NetName=SPI_CS0 Pin=U?-1
Added Pin To Net: NetName=SPI_Q Pin=U?-2
Added Pin To Net: NetName=NetC36_1 Pin=U?-3
Added Pin To Net: NetName=SPI_WP Pin=U?-3
Added Pin To Net: NetName=GND Pin=U?-4
Added Pin To Net: NetName=NetR5A_2 Pin=U?-5
Added Pin To Net: NetName=SPI_D Pin=U?-5
Added Pin To Net: NetName=NetC6A_1 Pin=U?-6
Added Pin To Net: NetName=SPI_CLK Pin=U?-6
Added Pin To Net: NetName=NetC7A_1 Pin=U?-7
Added Pin To Net: NetName=SPI_HD Pin=U?-7
Added Pin To Net: NetName=3V3_SDIO Pin=U?-8
Added Member To Class: ClassName=DECAWAVE Member=Component C? CC0402JRNPO9BN120
Added Member To Class: ClassName=DECAWAVE Member=Component C? C0402C129C5GACTU
Added Member To Class: ClassName=DECAWAVE Member=Component C? CC0402KRX7R9BB821
Added Member To Class: ClassName=DECAWAVE Member=Component C? CC0402JRNPO9BN120
Added Member To Class: ClassName=DECAWAVE Member=Component C? CC0402JRNPO9BN120
Added Member To Class: ClassName=DECAWAVE Member=Component C? CC0402JRNPO9BN270
Added Member To Class: ClassName=DECAWAVE Member=Component C? CC0402JRNPO9BN120
Added Member To Class: ClassName=WIRELESS Member=Component C? CC0402DRNPO9BN8R0
Added Member To Class: ClassName=WIRELESS Member=Component C? GRM1555C1H130JA01D
Added Member To Class: ClassName=WIRELESS Member=Component C? CC0402CRNPO9BN1R8
Added Member To Class: ClassName=WIRELESS Member=Component C? CC0402DRNPO9BN8R0
Added Member To Class: ClassName=WIRELESS Member=Component C? CC0402BRNPO9BN2R4
Added Member To Class: ClassName=WIRELESS Member=Component J? 0878321014
Added Member To Class: ClassName=WIRELESS Member=Component J? M20-7810445
Added Member To Class: ClassName=WIRELESS Member=Component L? LQG15HS2N0S02D
Added Member To Class: ClassName=WIRELESS Member=Component X? FA-20H 40.0000MF10Z-K3
Added Room: Name=DECAWAVE
