Change Component Designator: Old Designator=C4B New Designator=C?
Change Component Designator: Old Designator=C6B New Designator=C?
Change Component Designator: Old Designator=C7B New Designator=C?
Change Component Designator: Old Designator=C8B1 New Designator=C?
Change Component Designator: Old Designator=C8B New Designator=C?
Change Component Designator: Old Designator=C9B New Designator=C?
Change Component Designator: Old Designator=C10B New Designator=C?
Change Component Designator: Old Designator=C11B New Designator=C?
Change Component Designator: Old Designator=C12B1 New Designator=C?
Change Component Designator: Old Designator=C12B New Designator=C?
Change Component Designator: Old Designator=C15B New Designator=C?
Change Component Designator: Old Designator=C16B New Designator=C?
Change Component Designator: Old Designator=C17B New Designator=C?
Change Component Designator: Old Designator=C18B1 New Designator=C?
Change Component Designator: Old Designator=C18B2 New Designator=C?
Change Component Designator: Old Designator=C18B3 New Designator=C?
Change Component Designator: Old Designator=C18B New Designator=C?
Change Component Designator: Old Designator=C19B1 New Designator=C?
Change Component Designator: Old Designator=C19B2 New Designator=C?
Change Component Designator: Old Designator=C19B3 New Designator=C?
Change Component Designator: Old Designator=C19B New Designator=C?
Change Component Designator: Old Designator=C20B New Designator=C?
Change Component Designator: Old Designator=C25B New Designator=C?
Change Component Designator: Old Designator=C26B New Designator=C?
Change Component Designator: Old Designator=C28B New Designator=C?
Change Component Designator: Old Designator=C31B New Designator=C?
Change Component Designator: Old Designator=C42B New Designator=C?
Change Component Designator: Old Designator=C44B New Designator=C?
Change Component Designator: Old Designator=C47B New Designator=C?
Change Component Designator: Old Designator=C48B New Designator=C?
Change Component Designator: Old Designator=CB1 New Designator=CB?
Change Component Designator: Old Designator=CB2 New Designator=CB?
Change Component Designator: Old Designator=D35B New Designator=D?
Change Component Designator: Old Designator=D36B New Designator=D?
Change Component Designator: Old Designator=D37B New Designator=D?
Change Component Designator: Old Designator=D38B New Designator=D?
Change Component Designator: Old Designator=J1B New Designator=J?
Change Component Designator: Old Designator=L18B New Designator=L?
Change Component Designator: Old Designator=L19B New Designator=L?
Change Component Designator: Old Designator=R5B New Designator=R?
Change Component Designator: Old Designator=R8B New Designator=R?
Change Component Designator: Old Designator=R12B New Designator=R?
Change Component Designator: Old Designator=R35B New Designator=R?
Change Component Designator: Old Designator=R36B New Designator=R?
Change Component Designator: Old Designator=R37B New Designator=R?
Change Component Designator: Old Designator=R38B New Designator=R?
Change Component Designator: Old Designator=T1B New Designator=T?
Change Component Designator: Old Designator=U_B New Designator=U_B?
