Removed Pin From Net: NetName=3V3 Pin=R?-1
Change Component Footprint: Designator=U7 Old Footprint=REG_SWR_MYRGP180100W21RA New Footprint=REG_SWR_XCL214B333DR
Change Component Footprint: Designator=U6 Old Footprint=REG_SWR_XCL214B333DR New Footprint=REG_SWR_MYRGP180100W21RA
Change Component Footprint: Designator=TP10 Old Footprint=TPO_5020 New Footprint=TPO_5011
Change Component Footprint: Designator=TP11 Old Footprint=TPO_5020 New Footprint=TPO_5011
Change Component Footprint: Designator=TP12 Old Footprint=TPO_5020 New Footprint=TPO_5011
Change Component Footprint: Designator=TP13 Old Footprint=TPO_5020 New Footprint=TPO_5011
Change Component Footprint: Designator=TP14 Old Footprint=TPO_5020 New Footprint=TPO_5011
Change Component Footprint: Designator=TP15 Old Footprint=TPO_5020 New Footprint=TPO_5011
Added Component: Designator=C41(CAP_CER_0402)
Add component (AddParameter): Name = "Assembly Note"; Value = ""; VariantName = "[No Variations]"
Add component (AddParameter): Name = "Assembly Type"; Value = "SMD"; VariantName = "[No Variations]"
Add component (AddParameter): Name = "CreatedBy/Date"; Value = "Philippe Arsenault/ 2020-07-24"; VariantName = "[No Variations]"
Add component (AddParameter): Name = "Cryo"; Value = "UNKNOWN"; VariantName = "[No Variations]"
Add component (AddParameter): Name = "Current Rating"; Value = ""; VariantName = "[No Variations]"
Add component (AddParameter): Name = "GRAMS Lib Spec"; Value = "2.8"; VariantName = "[No Variations]"
Add component (AddParameter): Name = "HelpURL"; Value = "https://www.yageo.com/upload/media/product/productsearch/datasheet/mlcc/UPY-GP_NP0_16V-to-50V_18.pdf"; VariantName = "[No Variations]"
Add component (AddParameter): Name = "Magnetic Material"; Value = "Unknown"; VariantName = "[No Variations]"
Add component (AddParameter): Name = "Manufacturer #1"; Value = "Yageo"; VariantName = "[No Variations]"
Add component (AddParameter): Name = "Manufacturer #2"; Value = ""; VariantName = "[No Variations]"
Add component (AddParameter): Name = "Note"; Value = ""; VariantName = "[No Variations]"
Add component (AddParameter): Name = "Package"; Value = "0402"; VariantName = "[No Variations]"
Add component (AddParameter): Name = "Part Number #1"; Value = "CC0402CRNPO9BN3R0"; VariantName = "[No Variations]"
Add component (AddParameter): Name = "Part Number #2"; Value = ""; VariantName = "[No Variations]"
Add component (AddParameter): Name = "Polarized"; Value = "NO"; VariantName = "[No Variations]"
Add component (AddParameter): Name = "Power Max"; Value = ""; VariantName = "[No Variations]"
Add component (AddParameter): Name = "Supplier 1"; Value = "Digi-Key"; VariantName = "[No Variations]"
Add component (AddParameter): Name = "Supplier Part Number 1"; Value = "311-1007-1-ND"; VariantName = "[No Variations]"
Add component (AddParameter): Name = "Temperature"; Value = "-55°C ~ 125°C"; VariantName = "[No Variations]"
Add component (AddParameter): Name = "Tolerance"; Value = "±0.25pF"; VariantName = "[No Variations]"
Add component (AddParameter): Name = "Value"; Value = "3pF"; VariantName = "[No Variations]"
Add component (AddParameter): Name = "VerifiedBy"; Value = "Louis-Daniel Gaulin / 2020-07-29"; VariantName = "[No Variations]"
Add component (AddParameter): Name = "Voltage Rating"; Value = "50V"; VariantName = "[No Variations]"
Added Component: Designator=C?(CAP_CER_0402)
Add component (AddParameter): Name = "Assembly Note"; Value = ""; VariantName = "[No Variations]"
Add component (AddParameter): Name = "Assembly Type"; Value = "SMD"; VariantName = "[No Variations]"
Add component (AddParameter): Name = "CreatedBy/Date"; Value = "Hubert Dube - 04/10/20"; VariantName = "[No Variations]"
Add component (AddParameter): Name = "Cryo"; Value = "UNKNOWN"; VariantName = "[No Variations]"
Add component (AddParameter): Name = "Current Rating"; Value = ""; VariantName = "[No Variations]"
Add component (AddParameter): Name = "GRAMS Lib Spec"; Value = "2.8"; VariantName = "[No Variations]"
Add component (AddParameter): Name = "HelpURL"; Value = "https://www.yageo.com/upload/media/product/productsearch/datasheet/mlcc/UPY-GP_NP0_16V-to-50V_18.pdf"; VariantName = "[No Variations]"
Add component (AddParameter): Name = "Magnetic Material"; Value = "Unknown"; VariantName = "[No Variations]"
Add component (AddParameter): Name = "Manufacturer #1"; Value = "Yageo"; VariantName = "[No Variations]"
Add component (AddParameter): Name = "Manufacturer #2"; Value = ""; VariantName = "[No Variations]"
Add component (AddParameter): Name = "Note"; Value = ""; VariantName = "[No Variations]"
Add component (AddParameter): Name = "Package"; Value = "0402"; VariantName = "[No Variations]"
Add component (AddParameter): Name = "Part Number #1"; Value = "CC0402DRNPO9BN8R0"; VariantName = "[No Variations]"
Add component (AddParameter): Name = "Part Number #2"; Value = ""; VariantName = "[No Variations]"
Add component (AddParameter): Name = "Polarized"; Value = "NO"; VariantName = "[No Variations]"
Add component (AddParameter): Name = "Power Max"; Value = ""; VariantName = "[No Variations]"
Add component (AddParameter): Name = "Supplier 1"; Value = "Digi-Key"; VariantName = "[No Variations]"
Add component (AddParameter): Name = "Supplier Part Number 1"; Value = "311-1639-1-ND"; VariantName = "[No Variations]"
Add component (AddParameter): Name = "Temperature"; Value = "-55°C ~ 125°C"; VariantName = "[No Variations]"
Add component (AddParameter): Name = "Tolerance"; Value = "±0.5pF"; VariantName = "[No Variations]"
Add component (AddParameter): Name = "Value"; Value = "8pF"; VariantName = "[No Variations]"
Add component (AddParameter): Name = "VerifiedBy"; Value = "Louis-Daniel Gaulin - 09/11/2020"; VariantName = "[No Variations]"
Add component (AddParameter): Name = "Voltage Rating"; Value = "50V"; VariantName = "[No Variations]"
Added Component: Designator=C?(CAP_CER_0402)
Add component (AddParameter): Name = "Assembly Note"; Value = ""; VariantName = "[No Variations]"
Add component (AddParameter): Name = "Assembly Type"; Value = "SMD"; VariantName = "[No Variations]"
Add component (AddParameter): Name = "CreatedBy/Date"; Value = "Hubert Dube - 04/10/20"; VariantName = "[No Variations]"
Add component (AddParameter): Name = "Cryo"; Value = "UNKNOWN"; VariantName = "[No Variations]"
Add component (AddParameter): Name = "Current Rating"; Value = ""; VariantName = "[No Variations]"
Add component (AddParameter): Name = "GRAMS Lib Spec"; Value = "2.8"; VariantName = "[No Variations]"
Add component (AddParameter): Name = "HelpURL"; Value = "https://www.yageo.com/upload/media/product/productsearch/datasheet/mlcc/UPY-GP_NP0_16V-to-50V_18.pdf"; VariantName = "[No Variations]"
Add component (AddParameter): Name = "Magnetic Material"; Value = "Unknown"; VariantName = "[No Variations]"
Add component (AddParameter): Name = "Manufacturer #1"; Value = "Yageo"; VariantName = "[No Variations]"
Add component (AddParameter): Name = "Manufacturer #2"; Value = ""; VariantName = "[No Variations]"
Add component (AddParameter): Name = "Note"; Value = ""; VariantName = "[No Variations]"
Add component (AddParameter): Name = "Package"; Value = "0402"; VariantName = "[No Variations]"
Add component (AddParameter): Name = "Part Number #1"; Value = "CC0402CRNPO9BN1R8"; VariantName = "[No Variations]"
Add component (AddParameter): Name = "Part Number #2"; Value = ""; VariantName = "[No Variations]"
Add component (AddParameter): Name = "Polarized"; Value = "NO"; VariantName = "[No Variations]"
Add component (AddParameter): Name = "Power Max"; Value = ""; VariantName = "[No Variations]"
Add component (AddParameter): Name = "Supplier 1"; Value = "Digi-Key"; VariantName = "[No Variations]"
Add component (AddParameter): Name = "Supplier Part Number 1"; Value = "311-1004-1-ND"; VariantName = "[No Variations]"
Add component (AddParameter): Name = "Temperature"; Value = "-55°C ~ 125°C"; VariantName = "[No Variations]"
Add component (AddParameter): Name = "Tolerance"; Value = "±0.25pF"; VariantName = "[No Variations]"
Add component (AddParameter): Name = "Value"; Value = "1.8pF"; VariantName = "[No Variations]"
Add component (AddParameter): Name = "VerifiedBy"; Value = "Louis-Daniel Gaulin - 09/11/2020"; VariantName = "[No Variations]"
Add component (AddParameter): Name = "Voltage Rating"; Value = "50V"; VariantName = "[No Variations]"
Added Component: Designator=C?(CAP_CER_0402)
Add component (AddParameter): Name = "Assembly Note"; Value = ""; VariantName = "[No Variations]"
Add component (AddParameter): Name = "Assembly Type"; Value = "SMD"; VariantName = "[No Variations]"
Add component (AddParameter): Name = "CreatedBy/Date"; Value = "Hubert Dube - 04/10/20"; VariantName = "[No Variations]"
Add component (AddParameter): Name = "Cryo"; Value = "UNKNOWN"; VariantName = "[No Variations]"
Add component (AddParameter): Name = "Current Rating"; Value = ""; VariantName = "[No Variations]"
Add component (AddParameter): Name = "GRAMS Lib Spec"; Value = "2.8"; VariantName = "[No Variations]"
Add component (AddParameter): Name = "HelpURL"; Value = "https://www.yageo.com/upload/media/product/productsearch/datasheet/mlcc/UPY-GP_NP0_16V-to-50V_18.pdf"; VariantName = "[No Variations]"
Add component (AddParameter): Name = "Magnetic Material"; Value = "Unknown"; VariantName = "[No Variations]"
Add component (AddParameter): Name = "Manufacturer #1"; Value = "Yageo"; VariantName = "[No Variations]"
Add component (AddParameter): Name = "Manufacturer #2"; Value = ""; VariantName = "[No Variations]"
Add component (AddParameter): Name = "Note"; Value = ""; VariantName = "[No Variations]"
Add component (AddParameter): Name = "Package"; Value = "0402"; VariantName = "[No Variations]"
Add component (AddParameter): Name = "Part Number #1"; Value = "CC0402DRNPO9BN8R0"; VariantName = "[No Variations]"
Add component (AddParameter): Name = "Part Number #2"; Value = ""; VariantName = "[No Variations]"
Add component (AddParameter): Name = "Polarized"; Value = "NO"; VariantName = "[No Variations]"
Add component (AddParameter): Name = "Power Max"; Value = ""; VariantName = "[No Variations]"
Add component (AddParameter): Name = "Supplier 1"; Value = "Digi-Key"; VariantName = "[No Variations]"
Add component (AddParameter): Name = "Supplier Part Number 1"; Value = "311-1639-1-ND"; VariantName = "[No Variations]"
Add component (AddParameter): Name = "Temperature"; Value = "-55°C ~ 125°C"; VariantName = "[No Variations]"
Add component (AddParameter): Name = "Tolerance"; Value = "±0.5pF"; VariantName = "[No Variations]"
Add component (AddParameter): Name = "Value"; Value = "8pF"; VariantName = "[No Variations]"
Add component (AddParameter): Name = "VerifiedBy"; Value = "Louis-Daniel Gaulin - 09/11/2020"; VariantName = "[No Variations]"
Add component (AddParameter): Name = "Voltage Rating"; Value = "50V"; VariantName = "[No Variations]"
Added Component: Designator=C?(CAP_CER_0402)
Add component (AddParameter): Name = "Assembly Note"; Value = ""; VariantName = "[No Variations]"
Add component (AddParameter): Name = "Assembly Type"; Value = "SMD"; VariantName = "[No Variations]"
Add component (AddParameter): Name = "CreatedBy/Date"; Value = "Hubert Dube - 04/10/20"; VariantName = "[No Variations]"
Add component (AddParameter): Name = "Cryo"; Value = "UNKNOWN"; VariantName = "[No Variations]"
Add component (AddParameter): Name = "Current Rating"; Value = ""; VariantName = "[No Variations]"
Add component (AddParameter): Name = "GRAMS Lib Spec"; Value = "2.8"; VariantName = "[No Variations]"
Add component (AddParameter): Name = "HelpURL"; Value = "https://www.yageo.com/upload/media/product/productsearch/datasheet/mlcc/UPY-GP_NP0_16V-to-50V_18.pdf"; VariantName = "[No Variations]"
Add component (AddParameter): Name = "Magnetic Material"; Value = "Unknown"; VariantName = "[No Variations]"
Add component (AddParameter): Name = "Manufacturer #1"; Value = "Yageo"; VariantName = "[No Variations]"
Add component (AddParameter): Name = "Manufacturer #2"; Value = ""; VariantName = "[No Variations]"
Add component (AddParameter): Name = "Note"; Value = ""; VariantName = "[No Variations]"
Add component (AddParameter): Name = "Package"; Value = "0402"; VariantName = "[No Variations]"
Add component (AddParameter): Name = "Part Number #1"; Value = "CC0402BRNPO9BN2R4"; VariantName = "[No Variations]"
Add component (AddParameter): Name = "Part Number #2"; Value = ""; VariantName = "[No Variations]"
Add component (AddParameter): Name = "Polarized"; Value = "NO"; VariantName = "[No Variations]"
Add component (AddParameter): Name = "Power Max"; Value = ""; VariantName = "[No Variations]"
Add component (AddParameter): Name = "Supplier 1"; Value = "Digi-Key"; VariantName = "[No Variations]"
Add component (AddParameter): Name = "Supplier Part Number 1"; Value = "311-3703-1-ND"; VariantName = "[No Variations]"
Add component (AddParameter): Name = "Temperature"; Value = "-55°C ~ 125°C"; VariantName = "[No Variations]"
Add component (AddParameter): Name = "Tolerance"; Value = "±0.1pF"; VariantName = "[No Variations]"
Add component (AddParameter): Name = "Value"; Value = "2.4pF"; VariantName = "[No Variations]"
Add component (AddParameter): Name = "VerifiedBy"; Value = "Louis-Daniel Gaulin - 09/11/2020"; VariantName = "[No Variations]"
Add component (AddParameter): Name = "Voltage Rating"; Value = "50V"; VariantName = "[No Variations]"
Added Component: Designator=J4(CON_ 1935161)
Add component (AddParameter): Name = "Assembly Note"; Value = ""; VariantName = "[No Variations]"
Add component (AddParameter): Name = "Assembly Type"; Value = "TH"; VariantName = "[No Variations]"
Add component (AddParameter): Name = "CreatedBy/Date"; Value = "Louis-Daniel Gaulin / 02-11-2020"; VariantName = "[No Variations]"
Add component (AddParameter): Name = "Cryo"; Value = "UNKNOWN"; VariantName = "[No Variations]"
Add component (AddParameter): Name = "Current Rating"; Value = "17.5A"; VariantName = "[No Variations]"
Add component (AddParameter): Name = "GRAMS Lib Spec"; Value = "2.8"; VariantName = "[No Variations]"
Add component (AddParameter): Name = "HelpURL"; Value = "https://media.digikey.com/pdf/Data%20Sheets/Phoenix%20Contact%20PDFs/1935161.pdf"; VariantName = "[No Variations]"
Add component (AddParameter): Name = "Magnetic Material"; Value = "Unknown"; VariantName = "[No Variations]"
Add component (AddParameter): Name = "Manufacturer #1"; Value = "Phoenix Contact"; VariantName = "[No Variations]"
Add component (AddParameter): Name = "Manufacturer #2"; Value = ""; VariantName = "[No Variations]"
Add component (AddParameter): Name = "Note"; Value = ""; VariantName = "[No Variations]"
Add component (AddParameter): Name = "Package"; Value = "TH"; VariantName = "[No Variations]"
Add component (AddParameter): Name = "Part Number #1"; Value = "1935161"; VariantName = "[No Variations]"
Add component (AddParameter): Name = "Part Number #2"; Value = ""; VariantName = "[No Variations]"
Add component (AddParameter): Name = "Polarized"; Value = "Yes"; VariantName = "[No Variations]"
Add component (AddParameter): Name = "Power Max"; Value = ""; VariantName = "[No Variations]"
Add component (AddParameter): Name = "Supplier 1"; Value = "Digi-Key"; VariantName = "[No Variations]"
Add component (AddParameter): Name = "Supplier Part Number 1"; Value = "277-1667-ND"; VariantName = "[No Variations]"
Add component (AddParameter): Name = "Temperature"; Value = "-40 °C ~ 100 °C "; VariantName = "[No Variations]"
Add component (AddParameter): Name = "Tolerance"; Value = ""; VariantName = "[No Variations]"
Add component (AddParameter): Name = "Value"; Value = ""; VariantName = "[No Variations]"
Add component (AddParameter): Name = "VerifiedBy"; Value = "Philippe Arsenault/2020-11-06"; VariantName = "[No Variations]"
Add component (AddParameter): Name = "Voltage Rating"; Value = "400V"; VariantName = "[No Variations]"
Added Component: Designator=J?(CON_HDR_M20-7810445R)
Add component (AddParameter): Name = "Assembly Note"; Value = ""; VariantName = "[No Variations]"
Add component (AddParameter): Name = "Assembly Type"; Value = "SMD"; VariantName = "[No Variations]"
Add component (AddParameter): Name = "CreatedBy/Date"; Value = "Hubert Dube - 31/10/2020"; VariantName = "[No Variations]"
Add component (AddParameter): Name = "Cryo"; Value = "UNKNOWN"; VariantName = "[No Variations]"
Add component (AddParameter): Name = "Current Rating"; Value = ""; VariantName = "[No Variations]"
Add component (AddParameter): Name = "GRAMS Lib Spec"; Value = "2.8"; VariantName = "[No Variations]"
Add component (AddParameter): Name = "HelpURL"; Value = "https://cdn.harwin.com/pdfs/M20-781.pdf"; VariantName = "[No Variations]"
Add component (AddParameter): Name = "Magnetic Material"; Value = "Unknown"; VariantName = "[No Variations]"
Add component (AddParameter): Name = "Manufacturer #1"; Value = "Harwin Inc."; VariantName = "[No Variations]"
Add component (AddParameter): Name = "Manufacturer #2"; Value = ""; VariantName = "[No Variations]"
Add component (AddParameter): Name = "Note"; Value = ""; VariantName = "[No Variations]"
Add component (AddParameter): Name = "Package"; Value = "SMD"; VariantName = "[No Variations]"
Add component (AddParameter): Name = "Part Number #1"; Value = "M20-7810445"; VariantName = "[No Variations]"
Add component (AddParameter): Name = "Part Number #2"; Value = ""; VariantName = "[No Variations]"
Add component (AddParameter): Name = "Polarized"; Value = "NO"; VariantName = "[No Variations]"
Add component (AddParameter): Name = "Power Max"; Value = ""; VariantName = "[No Variations]"
Add component (AddParameter): Name = "Supplier 1"; Value = "Digi-Key"; VariantName = "[No Variations]"
Add component (AddParameter): Name = "Supplier Part Number 1"; Value = "952-3209-ND"; VariantName = "[No Variations]"
Add component (AddParameter): Name = "Temperature"; Value = "-40°C ~ 105°C"; VariantName = "[No Variations]"
Add component (AddParameter): Name = "Tolerance"; Value = ""; VariantName = "[No Variations]"
Add component (AddParameter): Name = "Value"; Value = ""; VariantName = "[No Variations]"
Add component (AddParameter): Name = "VerifiedBy"; Value = "Louis-Daniel Gaulin - 09/11/2020"; VariantName = "[No Variations]"
Add component (AddParameter): Name = "Voltage Rating"; Value = ""; VariantName = "[No Variations]"
Added Component: Designator=J?(CON_HDR_M20-7810445R)
Add component (AddParameter): Name = "Assembly Note"; Value = ""; VariantName = "[No Variations]"
Add component (AddParameter): Name = "Assembly Type"; Value = "SMD"; VariantName = "[No Variations]"
Add component (AddParameter): Name = "CreatedBy/Date"; Value = "Hubert Dube - 31/10/2020"; VariantName = "[No Variations]"
Add component (AddParameter): Name = "Cryo"; Value = "UNKNOWN"; VariantName = "[No Variations]"
Add component (AddParameter): Name = "Current Rating"; Value = ""; VariantName = "[No Variations]"
Add component (AddParameter): Name = "GRAMS Lib Spec"; Value = "2.8"; VariantName = "[No Variations]"
Add component (AddParameter): Name = "HelpURL"; Value = "https://cdn.harwin.com/pdfs/M20-781.pdf"; VariantName = "[No Variations]"
Add component (AddParameter): Name = "Magnetic Material"; Value = "Unknown"; VariantName = "[No Variations]"
Add component (AddParameter): Name = "Manufacturer #1"; Value = "Harwin Inc."; VariantName = "[No Variations]"
Add component (AddParameter): Name = "Manufacturer #2"; Value = ""; VariantName = "[No Variations]"
Add component (AddParameter): Name = "Note"; Value = ""; VariantName = "[No Variations]"
Add component (AddParameter): Name = "Package"; Value = "SMD"; VariantName = "[No Variations]"
Add component (AddParameter): Name = "Part Number #1"; Value = "M20-7810445"; VariantName = "[No Variations]"
Add component (AddParameter): Name = "Part Number #2"; Value = ""; VariantName = "[No Variations]"
Add component (AddParameter): Name = "Polarized"; Value = "NO"; VariantName = "[No Variations]"
Add component (AddParameter): Name = "Power Max"; Value = ""; VariantName = "[No Variations]"
Add component (AddParameter): Name = "Supplier 1"; Value = "Digi-Key"; VariantName = "[No Variations]"
Add component (AddParameter): Name = "Supplier Part Number 1"; Value = "952-3209-ND"; VariantName = "[No Variations]"
Add component (AddParameter): Name = "Temperature"; Value = "-40°C ~ 105°C"; VariantName = "[No Variations]"
Add component (AddParameter): Name = "Tolerance"; Value = ""; VariantName = "[No Variations]"
Add component (AddParameter): Name = "Value"; Value = ""; VariantName = "[No Variations]"
Add component (AddParameter): Name = "VerifiedBy"; Value = "Louis-Daniel Gaulin - 09/11/2020"; VariantName = "[No Variations]"
Add component (AddParameter): Name = "Voltage Rating"; Value = ""; VariantName = "[No Variations]"
Added Component: Designator=L?(FER_0402)
Add component (AddParameter): Name = "Assembly Note"; Value = ""; VariantName = "[No Variations]"
Add component (AddParameter): Name = "Assembly Type"; Value = "SMD"; VariantName = "[No Variations]"
Add component (AddParameter): Name = "CreatedBy/Date"; Value = "Hubert Dube  - 21/07/20"; VariantName = "[No Variations]"
Add component (AddParameter): Name = "Cryo"; Value = "UNKNOWN"; VariantName = "[No Variations]"
Add component (AddParameter): Name = "Current Rating"; Value = "900 mA"; VariantName = "[No Variations]"
Add component (AddParameter): Name = "GRAMS Lib Spec"; Value = "2.8"; VariantName = "[No Variations]"
Add component (AddParameter): Name = "HelpURL"; Value = "https://search.murata.co.jp/Ceramy/image/img/P02/JELF243B-0010.pdf"; VariantName = "[No Variations]"
Add component (AddParameter): Name = "Magnetic Material"; Value = "Unknown"; VariantName = "[No Variations]"
Add component (AddParameter): Name = "Manufacturer #1"; Value = "Murata Electronics"; VariantName = "[No Variations]"
Add component (AddParameter): Name = "Manufacturer #2"; Value = ""; VariantName = "[No Variations]"
Add component (AddParameter): Name = "Note"; Value = ""; VariantName = "[No Variations]"
Add component (AddParameter): Name = "Package"; Value = "0402"; VariantName = "[No Variations]"
Add component (AddParameter): Name = "Part Number #1"; Value = "LQG15HS2N0S02D"; VariantName = "[No Variations]"
Add component (AddParameter): Name = "Part Number #2"; Value = ""; VariantName = "[No Variations]"
Add component (AddParameter): Name = "Polarized"; Value = "NO"; VariantName = "[No Variations]"
Add component (AddParameter): Name = "Power Max"; Value = ""; VariantName = "[No Variations]"
Add component (AddParameter): Name = "Supplier 1"; Value = "Digi-Key"; VariantName = "[No Variations]"
Add component (AddParameter): Name = "Supplier Part Number 1"; Value = "490-6569-1-ND"; VariantName = "[No Variations]"
Add component (AddParameter): Name = "Temperature"; Value = "-55°C ~ 125°C"; VariantName = "[No Variations]"
Add component (AddParameter): Name = "Tolerance"; Value = "0.3nH"; VariantName = "[No Variations]"
Add component (AddParameter): Name = "Value"; Value = "2nH"; VariantName = "[No Variations]"
Add component (AddParameter): Name = "VerifiedBy"; Value = "Louis-Daniel Gaulin - 09/11/2020"; VariantName = "[No Variations]"
Add component (AddParameter): Name = "Voltage Rating"; Value = ""; VariantName = "[No Variations]"
Added Component: Designator=L?(FER_0402)
Add component (AddParameter): Name = "Assembly Note"; Value = ""; VariantName = "[No Variations]"
Add component (AddParameter): Name = "Assembly Type"; Value = "SMD"; VariantName = "[No Variations]"
Add component (AddParameter): Name = "CreatedBy/Date"; Value = "Hubert Dube  - 3/10/20"; VariantName = "[No Variations]"
Add component (AddParameter): Name = "Cryo"; Value = "UNKNOWN"; VariantName = "[No Variations]"
Add component (AddParameter): Name = "Current Rating"; Value = "900 mA"; VariantName = "[No Variations]"
Add component (AddParameter): Name = "GRAMS Lib Spec"; Value = "2.8"; VariantName = "[No Variations]"
Add component (AddParameter): Name = "HelpURL"; Value = "https://search.murata.co.jp/Ceramy/image/img/P02/JELF243B-9117.pdf"; VariantName = "[No Variations]"
Add component (AddParameter): Name = "Magnetic Material"; Value = "Unknown"; VariantName = "[No Variations]"
Add component (AddParameter): Name = "Manufacturer #1"; Value = "Murata Electronics"; VariantName = "[No Variations]"
Add component (AddParameter): Name = "Manufacturer #2"; Value = ""; VariantName = "[No Variations]"
Add component (AddParameter): Name = "Note"; Value = ""; VariantName = "[No Variations]"
Add component (AddParameter): Name = "Package"; Value = "0402"; VariantName = "[No Variations]"
Add component (AddParameter): Name = "Part Number #1"; Value = "LQG15WZ2N8S02D"; VariantName = "[No Variations]"
Add component (AddParameter): Name = "Part Number #2"; Value = ""; VariantName = "[No Variations]"
Add component (AddParameter): Name = "Polarized"; Value = "NO"; VariantName = "[No Variations]"
Add component (AddParameter): Name = "Power Max"; Value = ""; VariantName = "[No Variations]"
Add component (AddParameter): Name = "Supplier 1"; Value = "Digi-Key"; VariantName = "[No Variations]"
Add component (AddParameter): Name = "Supplier Part Number 1"; Value = "490-LQG15WZ2N8S02DCT-ND"; VariantName = "[No Variations]"
Add component (AddParameter): Name = "Temperature"; Value = "-55°C ~ 125°C"; VariantName = "[No Variations]"
Add component (AddParameter): Name = "Tolerance"; Value = "0.3nH"; VariantName = "[No Variations]"
Add component (AddParameter): Name = "Value"; Value = "2.8nH"; VariantName = "[No Variations]"
Add component (AddParameter): Name = "VerifiedBy"; Value = "Louis-Daniel Gaulin - 09/11/2020"; VariantName = "[No Variations]"
Add component (AddParameter): Name = "Voltage Rating"; Value = ""; VariantName = "[No Variations]"
Added Component: Designator=U3(LOG_FLIPFLOP_SN74LVC1G175DCKT)
Add component (AddParameter): Name = "Assembly Note"; Value = ""; VariantName = "[No Variations]"
Add component (AddParameter): Name = "Assembly Type"; Value = "SMD"; VariantName = "[No Variations]"
Add component (AddParameter): Name = "CreatedBy/Date"; Value = "Philippe Arsenault/21-07-2020"; VariantName = "[No Variations]"
Add component (AddParameter): Name = "Cryo"; Value = "No"; VariantName = "[No Variations]"
Add component (AddParameter): Name = "Current Rating"; Value = "100mA"; VariantName = "[No Variations]"
Add component (AddParameter): Name = "GRAMS Lib Spec"; Value = "2.8"; VariantName = "[No Variations]"
Add component (AddParameter): Name = "HelpURL"; Value = "https://www.ti.com/lit/ds/symlink/sn74lvc1g175.pdf?ts=1594769483993&ref_url=https%253A%252F%252Fwww.google.com%252F"; VariantName = "[No Variations]"
Add component (AddParameter): Name = "Magnetic Material"; Value = "Unknown"; VariantName = "[No Variations]"
Add component (AddParameter): Name = "Manufacturer #1"; Value = "Texas Instruments"; VariantName = "[No Variations]"
Add component (AddParameter): Name = "Manufacturer #2"; Value = ""; VariantName = "[No Variations]"
Add component (AddParameter): Name = "Note"; Value = ""; VariantName = "[No Variations]"
Add component (AddParameter): Name = "Package"; Value = "SOT-363"; VariantName = "[No Variations]"
Add component (AddParameter): Name = "Part Number #1"; Value = "SN74LVC1G175DCKR"; VariantName = "[No Variations]"
Add component (AddParameter): Name = "Part Number #2"; Value = ""; VariantName = "[No Variations]"
Add component (AddParameter): Name = "Polarized"; Value = "Yes"; VariantName = "[No Variations]"
Add component (AddParameter): Name = "Power Max"; Value = ""; VariantName = "[No Variations]"
Add component (AddParameter): Name = "Supplier 1"; Value = "Digi-Key"; VariantName = "[No Variations]"
Add component (AddParameter): Name = "Supplier Part Number 1"; Value = "296-16998-1-ND"; VariantName = "[No Variations]"
Add component (AddParameter): Name = "Temperature"; Value = "-40°C ~ 125°C"; VariantName = "[No Variations]"
Add component (AddParameter): Name = "Tolerance"; Value = ""; VariantName = "[No Variations]"
Add component (AddParameter): Name = "Value"; Value = ""; VariantName = "[No Variations]"
Add component (AddParameter): Name = "VerifiedBy"; Value = "Louis-Daniel Gaulin / 03-10-2020"; VariantName = "[No Variations]"
Add component (AddParameter): Name = "Voltage Rating"; Value = "1.65V ~ 5.5V"; VariantName = "[No Variations]"
Added Component: Designator=U?(COM_XCV_DW1000-I-TR13)
Add component (AddParameter): Name = "Assembly Note"; Value = ""; VariantName = "[No Variations]"
Add component (AddParameter): Name = "Assembly Type"; Value = "SMT"; VariantName = "[No Variations]"
Add component (AddParameter): Name = "CreatedBy/Date"; Value = "Philippe Arsenault/13-07-2020"; VariantName = "[No Variations]"
Add component (AddParameter): Name = "Cryo"; Value = "No"; VariantName = "[No Variations]"
Add component (AddParameter): Name = "Current Rating"; Value = "Rx 64mA/Tx 31mA"; VariantName = "[No Variations]"
Add component (AddParameter): Name = "GRAMS Lib Spec"; Value = "2.8"; VariantName = "[No Variations]"
Add component (AddParameter): Name = "HelpURL"; Value = "https://www.decawave.com/sites/default/files/resources/DW1000-Datasheet-V2.12.pdf"; VariantName = "[No Variations]"
Add component (AddParameter): Name = "Magnetic Material"; Value = "Unknown"; VariantName = "[No Variations]"
Add component (AddParameter): Name = "Manufacturer #1"; Value = "Decawave"; VariantName = "[No Variations]"
Add component (AddParameter): Name = "Manufacturer #2"; Value = "Qorvo"; VariantName = "[No Variations]"
Add component (AddParameter): Name = "Note"; Value = ""; VariantName = "[No Variations]"
Add component (AddParameter): Name = "Package"; Value = "QFN 48"; VariantName = "[No Variations]"
Add component (AddParameter): Name = "Part Number #1"; Value = "DW1000-I-TR13"; VariantName = "[No Variations]"
Add component (AddParameter): Name = "Part Number #2"; Value = ""; VariantName = "[No Variations]"
Add component (AddParameter): Name = "Polarized"; Value = "Yes"; VariantName = "[No Variations]"
Add component (AddParameter): Name = "Power Max"; Value = ""; VariantName = "[No Variations]"
Add component (AddParameter): Name = "Supplier 1"; Value = "Digi-Key"; VariantName = "[No Variations]"
Add component (AddParameter): Name = "Supplier Part Number 1"; Value = "1479-1001-1-ND"; VariantName = "[No Variations]"
Add component (AddParameter): Name = "Temperature"; Value = "-40°C ~ 85°C"; VariantName = "[No Variations]"
Add component (AddParameter): Name = "Tolerance"; Value = ""; VariantName = "[No Variations]"
Add component (AddParameter): Name = "Value"; Value = ""; VariantName = "[No Variations]"
Add component (AddParameter): Name = "VerifiedBy"; Value = ""; VariantName = "[No Variations]"
Add component (AddParameter): Name = "Voltage Rating"; Value = "2.8 - 3.6 V"; VariantName = "[No Variations]"
Added Component: Designator=U?(COM_XCV_DW1000-I-TR13)
Add component (AddParameter): Name = "Assembly Note"; Value = ""; VariantName = "[No Variations]"
Add component (AddParameter): Name = "Assembly Type"; Value = "SMT"; VariantName = "[No Variations]"
Add component (AddParameter): Name = "CreatedBy/Date"; Value = "Philippe Arsenault/13-07-2020"; VariantName = "[No Variations]"
Add component (AddParameter): Name = "Cryo"; Value = "No"; VariantName = "[No Variations]"
Add component (AddParameter): Name = "Current Rating"; Value = "Rx 64mA/Tx 31mA"; VariantName = "[No Variations]"
Add component (AddParameter): Name = "GRAMS Lib Spec"; Value = "2.8"; VariantName = "[No Variations]"
Add component (AddParameter): Name = "HelpURL"; Value = "https://www.decawave.com/sites/default/files/resources/DW1000-Datasheet-V2.12.pdf"; VariantName = "[No Variations]"
Add component (AddParameter): Name = "Magnetic Material"; Value = "Unknown"; VariantName = "[No Variations]"
Add component (AddParameter): Name = "Manufacturer #1"; Value = "Decawave"; VariantName = "[No Variations]"
Add component (AddParameter): Name = "Manufacturer #2"; Value = "Qorvo"; VariantName = "[No Variations]"
Add component (AddParameter): Name = "Note"; Value = ""; VariantName = "[No Variations]"
Add component (AddParameter): Name = "Package"; Value = "QFN 48"; VariantName = "[No Variations]"
Add component (AddParameter): Name = "Part Number #1"; Value = "DW1000-I-TR13"; VariantName = "[No Variations]"
Add component (AddParameter): Name = "Part Number #2"; Value = ""; VariantName = "[No Variations]"
Add component (AddParameter): Name = "Polarized"; Value = "Yes"; VariantName = "[No Variations]"
Add component (AddParameter): Name = "Power Max"; Value = ""; VariantName = "[No Variations]"
Add component (AddParameter): Name = "Supplier 1"; Value = "Digi-Key"; VariantName = "[No Variations]"
Add component (AddParameter): Name = "Supplier Part Number 1"; Value = "1479-1001-1-ND"; VariantName = "[No Variations]"
Add component (AddParameter): Name = "Temperature"; Value = "-40°C ~ 85°C"; VariantName = "[No Variations]"
Add component (AddParameter): Name = "Tolerance"; Value = ""; VariantName = "[No Variations]"
Add component (AddParameter): Name = "Value"; Value = ""; VariantName = "[No Variations]"
Add component (AddParameter): Name = "VerifiedBy"; Value = ""; VariantName = "[No Variations]"
Add component (AddParameter): Name = "Voltage Rating"; Value = "2.8 - 3.6 V"; VariantName = "[No Variations]"
Added Component: Designator=X?(CRY_CM7V-T1A-32.768KHZ-12.5PF-20PPM-TA-QC)
Add component (AddParameter): Name = "Assembly Note"; Value = "DNI"; VariantName = "[No Variations]"
Add component (AddParameter): Name = "Assembly Type"; Value = "SMD"; VariantName = "[No Variations]"
Add component (AddParameter): Name = "CreatedBy/Date"; Value = "Hubert Dube - 21/07/20"; VariantName = "[No Variations]"
Add component (AddParameter): Name = "Cryo"; Value = "UNKNOWN"; VariantName = "[No Variations]"
Add component (AddParameter): Name = "Current Rating"; Value = ""; VariantName = "[No Variations]"
Add component (AddParameter): Name = "GRAMS Lib Spec"; Value = "2.8"; VariantName = "[No Variations]"
Add component (AddParameter): Name = "HelpURL"; Value = "https://www.microcrystal.com/fileadmin/Media/Products/32kHz/Datasheet/CM7V-T1A.pdf"; VariantName = "[No Variations]"
Add component (AddParameter): Name = "Magnetic Material"; Value = "Unknown"; VariantName = "[No Variations]"
Add component (AddParameter): Name = "Manufacturer #1"; Value = "Micro Crystal AG"; VariantName = "[No Variations]"
Add component (AddParameter): Name = "Manufacturer #2"; Value = ""; VariantName = "[No Variations]"
Add component (AddParameter): Name = "Note"; Value = ""; VariantName = "[No Variations]"
Add component (AddParameter): Name = "Package"; Value = "2-SMD, No Lead"; VariantName = "[No Variations]"
Add component (AddParameter): Name = "Part Number #1"; Value = "CM7V-T1A-32.768KHZ-12.5PF-20PPM-TA-QC"; VariantName = "[No Variations]"
Add component (AddParameter): Name = "Part Number #2"; Value = ""; VariantName = "[No Variations]"
Add component (AddParameter): Name = "Polarized"; Value = "No"; VariantName = "[No Variations]"
Add component (AddParameter): Name = "Power Max"; Value = ""; VariantName = "[No Variations]"
Add component (AddParameter): Name = "Supplier 1"; Value = "Digi-Key"; VariantName = "[No Variations]"
Add component (AddParameter): Name = "Supplier Part Number 1"; Value = "2195-CM7V-T1A-32.768KHZ-12.5PF-20PPM-TA-QCCT-ND"; VariantName = "[No Variations]"
Add component (AddParameter): Name = "Temperature"; Value = "-40°C ~ 85°C"; VariantName = "[No Variations]"
Add component (AddParameter): Name = "Tolerance"; Value = "±20ppm"; VariantName = "[No Variations]"
Add component (AddParameter): Name = "Value"; Value = "32kHz"; VariantName = "[No Variations]"
Add component (AddParameter): Name = "VerifiedBy"; Value = "Louis-Daniel Gaulin - 09/11/2020"; VariantName = "[No Variations]"
Add component (AddParameter): Name = "Voltage rating"; Value = ""; VariantName = "[No Variations]"
Added Component: Designator=X?(CRY_FA-20H 40.0000MF10Z-K3)
Add component (AddParameter): Name = "Assembly Note"; Value = ""; VariantName = "[No Variations]"
Add component (AddParameter): Name = "Assembly Type"; Value = "SMD"; VariantName = "[No Variations]"
Add component (AddParameter): Name = "CreatedBy/Date"; Value = "Hubert Dube - 21/07/20"; VariantName = "[No Variations]"
Add component (AddParameter): Name = "Cryo"; Value = "UNKNOWN"; VariantName = "[No Variations]"
Add component (AddParameter): Name = "Current Rating"; Value = ""; VariantName = "[No Variations]"
Add component (AddParameter): Name = "GRAMS Lib Spec"; Value = "2.8"; VariantName = "[No Variations]"
Add component (AddParameter): Name = "HelpURL"; Value = "https://support.epson.biz/td/api/doc_check.php?dl=brief_FA-20H&lang=en"; VariantName = "[No Variations]"
Add component (AddParameter): Name = "Magnetic Material"; Value = "Unknown"; VariantName = "[No Variations]"
Add component (AddParameter): Name = "Manufacturer #1"; Value = "EPSON"; VariantName = "[No Variations]"
Add component (AddParameter): Name = "Manufacturer #2"; Value = ""; VariantName = "[No Variations]"
Add component (AddParameter): Name = "Note"; Value = ""; VariantName = "[No Variations]"
Add component (AddParameter): Name = "Package"; Value = "4 - SMD, No Lead"; VariantName = "[No Variations]"
Add component (AddParameter): Name = "Part Number #1"; Value = "FA-20H 40.0000MF10Z-K3"; VariantName = "[No Variations]"
Add component (AddParameter): Name = "Part Number #2"; Value = ""; VariantName = "[No Variations]"
Add component (AddParameter): Name = "Polarized"; Value = "No"; VariantName = "[No Variations]"
Add component (AddParameter): Name = "Power Max"; Value = ""; VariantName = "[No Variations]"
Add component (AddParameter): Name = "Supplier 1"; Value = "Digi-Key"; VariantName = "[No Variations]"
Add component (AddParameter): Name = "Supplier Part Number 1"; Value = "SER4045CT-ND"; VariantName = "[No Variations]"
Add component (AddParameter): Name = "Temperature"; Value = "-20°C ~ 75°C"; VariantName = "[No Variations]"
Add component (AddParameter): Name = "Tolerance"; Value = "±10ppm"; VariantName = "[No Variations]"
Add component (AddParameter): Name = "Value"; Value = "40MHz"; VariantName = "[No Variations]"
Add component (AddParameter): Name = "VerifiedBy"; Value = "Louis-Daniel Gaulin - 09/11/2020"; VariantName = "[No Variations]"
Add component (AddParameter): Name = "Voltage rating"; Value = ""; VariantName = "[No Variations]"
Added Component: Designator=Y1(OSC_ASTXR-12-38.400MHZ-514054-T)
Add component (AddParameter): Name = "Assembly Note"; Value = ""; VariantName = "[No Variations]"
Add component (AddParameter): Name = "Assembly Type"; Value = "SMT"; VariantName = "[No Variations]"
Add component (AddParameter): Name = "CreatedBy/Date"; Value = "Philippe Arsenault/18-07-2020"; VariantName = "[No Variations]"
Add component (AddParameter): Name = "Cryo"; Value = "No"; VariantName = "[No Variations]"
Add component (AddParameter): Name = "Current Rating"; Value = "2mA"; VariantName = "[No Variations]"
Add component (AddParameter): Name = "GRAMS Lib Spec"; Value = "2.8"; VariantName = "[No Variations]"
Add component (AddParameter): Name = "HelpURL"; Value = "https://4donline.ihs.com/images/VipMasterIC/IC/ABRC/ABRC-S-A0001399357/ABRC-S-A0001399357-1.pdf?hkey=52A5661711E402568146F3353EA87419"; VariantName = "[No Variations]"
Add component (AddParameter): Name = "Magnetic Material"; Value = "Unknown"; VariantName = "[No Variations]"
Add component (AddParameter): Name = "Manufacturer #1"; Value = "Abracon LLC"; VariantName = "[No Variations]"
Add component (AddParameter): Name = "Manufacturer #2"; Value = "Rakon"; VariantName = "[No Variations]"
Add component (AddParameter): Name = "Note"; Value = ""; VariantName = "[No Variations]"
Add component (AddParameter): Name = "Package"; Value = "6-SMD"; VariantName = "[No Variations]"
Add component (AddParameter): Name = "Part Number #1"; Value = "ASTXR-12-38.400MHz-514054-T"; VariantName = "[No Variations]"
Add component (AddParameter): Name = "Part Number #2"; Value = ""; VariantName = "[No Variations]"
Add component (AddParameter): Name = "Polarized"; Value = "Yes"; VariantName = "[No Variations]"
Add component (AddParameter): Name = "Power Max"; Value = ""; VariantName = "[No Variations]"
Add component (AddParameter): Name = "Supplier 1"; Value = "Digi-Key"; VariantName = "[No Variations]"
Add component (AddParameter): Name = "Supplier Part Number 1"; Value = "535-13192-1-ND"; VariantName = "[No Variations]"
Add component (AddParameter): Name = "Temperature"; Value = "-40°C ~ 85°C"; VariantName = "[No Variations]"
Add component (AddParameter): Name = "Tolerance"; Value = ""; VariantName = "[No Variations]"
Add component (AddParameter): Name = "Value"; Value = "38.4MHz"; VariantName = "[No Variations]"
Add component (AddParameter): Name = "VerifiedBy"; Value = "Louis-Daniel Gaulin / 03-10-2020"; VariantName = "[No Variations]"
Add component (AddParameter): Name = "Voltage Rating"; Value = "3.3V"; VariantName = "[No Variations]"
Added Pin To Net: NetName=GND Pin=C41-1
Added Pin To Net: NetName=NetC38_1 Pin=C41-2
Added Pin To Net: NetName=GND Pin=C?-1
Added Pin To Net: NetName=GND Pin=C?-1
Added Pin To Net: NetName=GND Pin=C?-1
Added Pin To Net: NetName=GND Pin=C?-1
Added Pin To Net: NetName=GND Pin=C?-1
Added Pin To Net: NetName=GND Pin=C?-1
Added Pin To Net: NetName=GND Pin=C?-1
Added Pin To Net: NetName=GND Pin=C?-1
Added Pin To Net: NetName=GND Pin=C?-1
Added Pin To Net: NetName=GND Pin=C?-1
Added Pin To Net: NetName=GND Pin=C?-1
Added Pin To Net: NetName=NetC?_1 Pin=C?-1
Added Pin To Net: NetName=VDDCLK_A Pin=C?-1
Added Pin To Net: NetName=VDDCLK_B Pin=C?-1
Added Pin To Net: NetName=32K_X_N Pin=C?-2
Added Pin To Net: NetName=32K_X_P Pin=C?-2
Added Pin To Net: NetName=ANT_OUT Pin=C?-2
Added Pin To Net: NetName=LNA_IN Pin=C?-2
Added Pin To Net: NetName=NetC18A1_2 Pin=C?-2
Added Pin To Net: NetName=NetC18B1_2 Pin=C?-2
Added Pin To Net: NetName=NetC19A1_2 Pin=C?-2
Added Pin To Net: NetName=NetC19B1_2 Pin=C?-2
Added Pin To Net: NetName=NetC?_2 Pin=C?-2
Added Pin To Net: NetName=RFA_N Pin=C?-2
Added Pin To Net: NetName=RFA_P Pin=C?-2
Added Pin To Net: NetName=RFB_N Pin=C?-2
Added Pin To Net: NetName=RFB_P Pin=C?-2
Added Pin To Net: NetName=VDDCLK_A Pin=C?-2
Added Pin To Net: NetName=VDDCLK_B Pin=C?-2
Added Pin To Net: NetName=VDDVCO_A Pin=C?-2
Added Pin To Net: NetName=VDDVCO_B Pin=C?-2
Added Pin To Net: NetName=XTAL_N Pin=C?-2
Added Pin To Net: NetName=XTAL_P Pin=C?-2
Added Pin To Net: NetName=GND Pin=J4-1
Added Pin To Net: NetName=5V_CONN Pin=J4-2
Added Pin To Net: NetName=GND Pin=J?-1
Added Pin To Net: NetName=SPI_CS0 Pin=J?-1
Added Pin To Net: NetName=VSPI_CS0 Pin=J?-1
Added Pin To Net: NetName=JTAG_TMS Pin=J?-2
Added Pin To Net: NetName=SPI_Q Pin=J?-2
Added Pin To Net: NetName=VSPI_Q Pin=J?-2
Added Pin To Net: NetName=GND Pin=J?-3
Added Pin To Net: NetName=SPI_D Pin=J?-3
Added Pin To Net: NetName=VSPI_D Pin=J?-3
Added Pin To Net: NetName=JTAG_TDI Pin=J?-4
Added Pin To Net: NetName=SPI_WP Pin=J?-4
Added Pin To Net: NetName=VSPI_WP Pin=J?-4
Added Pin To Net: NetName=GND Pin=J?-5
Added Pin To Net: NetName=GND Pin=J?-5
Added Pin To Net: NetName=GND Pin=J?-5
Added Pin To Net: NetName=GND Pin=J?-6
Added Pin To Net: NetName=GND Pin=J?-6
Added Pin To Net: NetName=JTAG_TCK Pin=J?-6
Added Pin To Net: NetName=GND Pin=J?-7
Added Pin To Net: NetName=SPI_CLK Pin=J?-7
Added Pin To Net: NetName=VSPI_CLK Pin=J?-7
Added Pin To Net: NetName=JTAG_TDO Pin=J?-8
Added Pin To Net: NetName=SPI_HD Pin=J?-8
Added Pin To Net: NetName=VSPI_HD Pin=J?-8
Added Pin To Net: NetName=3V3 Pin=L?-1
Added Pin To Net: NetName=3V3_WIFI Pin=L?-2
Added Pin To Net: NetName=LNA_IN Pin=L?-2
Added Pin To Net: NetName=3V3 Pin=R?-1
Added Pin To Net: NetName=3V3_SDIO Pin=R?-2
Added Pin To Net: NetName=NetR32_1 Pin=U3-1
Added Pin To Net: NetName=GND Pin=U3-2
Added Pin To Net: NetName=NetU3_3 Pin=U3-3
Added Pin To Net: NetName=NetU3_4 Pin=U3-4
Added Pin To Net: NetName=3V3 Pin=U3-5
Added Pin To Net: NetName=NetU3_6 Pin=U3-6
Added Pin To Net: NetName=SPI_CS0 Pin=U?-1
Added Pin To Net: NetName=SPI_Q Pin=U?-2
Added Pin To Net: NetName=NetC36_1 Pin=U?-3
Added Pin To Net: NetName=NetC37_1 Pin=U?-3
Added Pin To Net: NetName=SPI_WP Pin=U?-3
Added Pin To Net: NetName=GND Pin=U?-4
Added Pin To Net: NetName=NetC?_2 Pin=U?-4
Added Pin To Net: NetName=NetR5A_2 Pin=U?-5
Added Pin To Net: NetName=NetR5B_2 Pin=U?-5
Added Pin To Net: NetName=SPI_D Pin=U?-5
Added Pin To Net: NetName=NetC6A_1 Pin=U?-6
Added Pin To Net: NetName=NetC6B_1 Pin=U?-6
Added Pin To Net: NetName=SPI_CLK Pin=U?-6
Added Pin To Net: NetName=NetC7A_1 Pin=U?-7
Added Pin To Net: NetName=NetC7B_1 Pin=U?-7
Added Pin To Net: NetName=SPI_HD Pin=U?-7
Added Pin To Net: NetName=3V3_SDIO Pin=U?-8
Added Pin To Net: NetName=NetC?_1 Pin=U?-8
Added Pin To Net: NetName=VDDCLK_A Pin=U?-9
Added Pin To Net: NetName=VDDCLK_B Pin=U?-9
Added Pin To Net: NetName=NetC10A_1 Pin=U?-10
Added Pin To Net: NetName=NetC10B_1 Pin=U?-10
Added Pin To Net: NetName=VDDVCO_A Pin=U?-11
Added Pin To Net: NetName=VDDVCO_B Pin=U?-11
Added Pin To Net: NetName=NetC12A_1 Pin=U?-12
Added Pin To Net: NetName=NetC12B_1 Pin=U?-12
Added Pin To Net: NetName=3V3 Pin=U?-15
Added Pin To Net: NetName=3V3 Pin=U?-15
Added Pin To Net: NetName=RFA_P Pin=U?-16
Added Pin To Net: NetName=RFB_P Pin=U?-16
Added Pin To Net: NetName=RFA_N Pin=U?-17
Added Pin To Net: NetName=RFB_N Pin=U?-17
Added Pin To Net: NetName=NetC18A1_2 Pin=U?-18
Added Pin To Net: NetName=NetC18B1_2 Pin=U?-18
Added Pin To Net: NetName=NetC19A1_2 Pin=U?-19
Added Pin To Net: NetName=NetC19B1_2 Pin=U?-19
Added Pin To Net: NetName=NetC20A_1 Pin=U?-20
Added Pin To Net: NetName=NetC20B_1 Pin=U?-20
Added Pin To Net: NetName=NetU?_21 Pin=U?-21
Added Pin To Net: NetName=GND Pin=U?-22
Added Pin To Net: NetName=GND Pin=U?-22
Added Pin To Net: NetName=NetU?_23 Pin=U?-23
Added Pin To Net: NetName=NetU?_24 Pin=U?-24
Added Pin To Net: NetName=3V3 Pin=U?-25
Added Pin To Net: NetName=3V3 Pin=U?-25
Added Pin To Net: NetName=1V8 Pin=U?-26
Added Pin To Net: NetName=1V8 Pin=U?-26
Added Pin To Net: NetName=RST_A# Pin=U?-27
Added Pin To Net: NetName=RST_B# Pin=U?-27
Added Pin To Net: NetName=NetC28A_1 Pin=U?-28
Added Pin To Net: NetName=NetC28B_1 Pin=U?-28
Added Pin To Net: NetName=NetU3_4 Pin=U?-29
Added Pin To Net: NetName=NetU3_4 Pin=U?-29
Added Pin To Net: NetName=NetU?_30 Pin=U?-30
Added Pin To Net: NetName=NetC31A_1 Pin=U?-31
Added Pin To Net: NetName=NetC31B_1 Pin=U?-31
Added Pin To Net: NetName=GND Pin=U?-32
Added Pin To Net: NetName=GND Pin=U?-32
Added Pin To Net: NetName=NetU?_33 Pin=U?-33
Added Pin To Net: NetName=NetU?_34 Pin=U?-34
Added Pin To Net: NetName=LED_TX_A Pin=U?-35
Added Pin To Net: NetName=LED_TX_B Pin=U?-35
Added Pin To Net: NetName=LED_RX_A Pin=U?-36
Added Pin To Net: NetName=LED_RX_B Pin=U?-36
Added Pin To Net: NetName=LED_SFD_A Pin=U?-37
Added Pin To Net: NetName=LED_SFD_B Pin=U?-37
Added Pin To Net: NetName=LED_RX_OK_A Pin=U?-38
Added Pin To Net: NetName=LED_RX_OK_B Pin=U?-38
Added Pin To Net: NetName=NetU?_39 Pin=U?-39
Added Pin To Net: NetName=NetU?_39 Pin=U?-39
Added Pin To Net: NetName=NetU?_40 Pin=U?-40
Added Pin To Net: NetName=NetU?_40 Pin=U?-40
Added Pin To Net: NetName=NetU?_41 Pin=U?-41
Added Pin To Net: NetName=NetU?_41 Pin=U?-41
Added Pin To Net: NetName=NetC42A_1 Pin=U?-42
Added Pin To Net: NetName=NetC42B_1 Pin=U?-42
Added Pin To Net: NetName=GND Pin=U?-43
Added Pin To Net: NetName=GND Pin=U?-43
Added Pin To Net: NetName=NetC20A_1 Pin=U?-44
Added Pin To Net: NetName=NetC20B_1 Pin=U?-44
Added Pin To Net: NetName=NetU?_45 Pin=U?-45
Added Pin To Net: NetName=GND Pin=U?-46
Added Pin To Net: NetName=GND Pin=U?-46
Added Pin To Net: NetName=3V3 Pin=U?-47
Added Pin To Net: NetName=3V3 Pin=U?-47
Added Pin To Net: NetName=1V8 Pin=U?-48
Added Pin To Net: NetName=1V8 Pin=U?-48
Added Pin To Net: NetName=GND Pin=U?-49
Added Pin To Net: NetName=GND Pin=U?-49
Added Pin To Net: NetName=32K_X_N Pin=X?-1
Added Pin To Net: NetName=XTAL_N Pin=X?-1
Added Pin To Net: NetName=32K_X_P Pin=X?-2
Added Pin To Net: NetName=GND Pin=X?-2
Added Pin To Net: NetName=XTAL_P Pin=X?-3
Added Pin To Net: NetName=GND Pin=X?-4
Added Pin To Net: NetName=GND Pin=Y1-1
Added Pin To Net: NetName=GND Pin=Y1-3
Added Pin To Net: NetName=NetC38_2 Pin=Y1-4
Added Pin To Net: NetName=NetC31_2 Pin=Y1-6
Added Member To Class: ClassName=MISC Member=Component C41 CC0402CRNPO9BN3R0
Added Member To Class: ClassName=DECAWAVE Member=Component C? CC0402JRNPO9BN120
Added Member To Class: ClassName=DECAWAVE Member=Component C? C0402C129C5GACTU
Added Member To Class: ClassName=DECAWAVE Member=Component C? CC0402KRX7R9BB821
Added Member To Class: ClassName=DECAWAVE Member=Component C? CC0402JRNPO9BN101
Added Member To Class: ClassName=DECAWAVE Member=Component C? CC0402JRNPO9BN120
Added Member To Class: ClassName=DECAWAVE Member=Component C? CC0402JRNPO9BN120
Added Member To Class: ClassName=DECAWAVE Member=Component C? CC0402JRNPO9BN270
Added Member To Class: ClassName=DECAWAVE Member=Component C? CC0402JRNPO9BN120
Added Member To Class: ClassName=WIRELESS Member=Component C? CC0402DRNPO9BN8R0
Added Member To Class: ClassName=WIRELESS Member=Component C? GRM1555C1H130JA01D
Added Member To Class: ClassName=WIRELESS Member=Component C? CC0402CRNPO9BN1R8
Added Member To Class: ClassName=WIRELESS Member=Component C? CC0402DRNPO9BN8R0
Added Member To Class: ClassName=WIRELESS Member=Component C? CC0402BRNPO9BN2R4
Added Member To Class: ClassName=WIRELESS Member=Component C? GRM1555C1H130JA01D
Added Member To Class: ClassName=TOP Member=Component J4 1935161
Added Member To Class: ClassName=WIRELESS Member=Component J? 0878321014
Added Member To Class: ClassName=WIRELESS Member=Component J? M20-7810445
Added Member To Class: ClassName=WIRELESS Member=Component J? M20-7810445
Added Member To Class: ClassName=WIRELESS Member=Component L? LQG15HS2N0S02D
Added Member To Class: ClassName=WIRELESS Member=Component L? LQG15WZ2N8S02D
Added Member To Class: ClassName=MISC Member=Component U3 SN74LVC1G175DCKT
Added Member To Class: ClassName=DECAWAVE Member=Component U? DW1000-I-TR13
Added Member To Class: ClassName=WIRELESS Member=Component U? MX25L3233FZNI-08G
Added Member To Class: ClassName=WIRELESS Member=Component X? CM7V-T1A-32KHZ
Added Member To Class: ClassName=WIRELESS Member=Component X? FA-20H 40.0000MF10Z-K3
Added Member To Class: ClassName=MISC Member=Component Y1 ASTXR-12-38.400MHz-514054-T
Change Room Name: Old Name=DECAWAVE_1 New Name=DECAWAVE
