Change Component Designator: Old Designator=C4A New Designator=C?
Change Component Designator: Old Designator=C6A New Designator=C?
Change Component Designator: Old Designator=C7A New Designator=C?
Change Component Designator: Old Designator=C8A1 New Designator=C?
Change Component Designator: Old Designator=C8A New Designator=C?
Change Component Designator: Old Designator=C9A New Designator=C?
Change Component Designator: Old Designator=C10A New Designator=C?
Change Component Designator: Old Designator=C11A New Designator=C?
Change Component Designator: Old Designator=C12A1 New Designator=C?
Change Component Designator: Old Designator=C12A New Designator=C?
Change Component Designator: Old Designator=C15A New Designator=C?
Change Component Designator: Old Designator=C16A New Designator=C?
Change Component Designator: Old Designator=C17A New Designator=C?
Change Component Designator: Old Designator=C18A1 New Designator=C?
Change Component Designator: Old Designator=C18A2 New Designator=C?
Change Component Designator: Old Designator=C18A3 New Designator=C?
Change Component Designator: Old Designator=C18A New Designator=C?
Change Component Designator: Old Designator=C19A1 New Designator=C?
Change Component Designator: Old Designator=C19A2 New Designator=C?
Change Component Designator: Old Designator=C19A3 New Designator=C?
Change Component Designator: Old Designator=C19A New Designator=C?
Change Component Designator: Old Designator=C20A New Designator=C?
Change Component Designator: Old Designator=C25A New Designator=C?
Change Component Designator: Old Designator=C26A New Designator=C?
Change Component Designator: Old Designator=C28A New Designator=C?
Change Component Designator: Old Designator=C31A New Designator=C?
Change Component Designator: Old Designator=C42A New Designator=C?
Change Component Designator: Old Designator=C44A New Designator=C?
Change Component Designator: Old Designator=C47A New Designator=C?
Change Component Designator: Old Designator=C48A New Designator=C?
Change Component Designator: Old Designator=CA1 New Designator=CA?
Change Component Designator: Old Designator=CA2 New Designator=CA?
Change Component Designator: Old Designator=D35A New Designator=D?
Change Component Designator: Old Designator=D36A New Designator=D?
Change Component Designator: Old Designator=D37A New Designator=D?
Change Component Designator: Old Designator=D38A New Designator=D?
Change Component Designator: Old Designator=J1A New Designator=J?
Change Component Designator: Old Designator=L18A New Designator=L?
Change Component Designator: Old Designator=L19A New Designator=L?
Change Component Designator: Old Designator=R5A New Designator=R?
Change Component Designator: Old Designator=R8A New Designator=R?
Change Component Designator: Old Designator=R12A New Designator=R?
Change Component Designator: Old Designator=R35A New Designator=R?
Change Component Designator: Old Designator=R36A New Designator=R?
Change Component Designator: Old Designator=R37A New Designator=R?
Change Component Designator: Old Designator=R38A New Designator=R?
Change Component Designator: Old Designator=T1A New Designator=T?
Change Component Designator: Old Designator=U_A New Designator=U_A?
