Added Component: Designator=U8(COM_WIFI_ESP32-D0WD-V3)
Add component (AddParameter): Name = "Assembly Note"; Value = ""; VariantName = "[No Variations]"
Add component (AddParameter): Name = "Assembly Type"; Value = "SMD"; VariantName = "[No Variations]"
Add component (AddParameter): Name = "CreatedBy/Date"; Value = "Hubert Dube/14-07-2020"; VariantName = "[No Variations]"
Add component (AddParameter): Name = "Cryo"; Value = "No"; VariantName = "[No Variations]"
Add component (AddParameter): Name = "Current Rating"; Value = "Rx 100mA/Tx 240mA"; VariantName = "[No Variations]"
Add component (AddParameter): Name = "GRAMS Lib Spec"; Value = "2.8"; VariantName = "[No Variations]"
Add component (AddParameter): Name = "HelpURL"; Value = "https://www.espressif.com/sites/default/files/documentation/esp32_datasheet_en.pdf"; VariantName = "[No Variations]"
Add component (AddParameter): Name = "Magnetic Material"; Value = "Unknown"; VariantName = "[No Variations]"
Add component (AddParameter): Name = "Manufacturer #1"; Value = "Espressif Systems"; VariantName = "[No Variations]"
Add component (AddParameter): Name = "Manufacturer #2"; Value = ""; VariantName = "[No Variations]"
Add component (AddParameter): Name = "Note"; Value = ""; VariantName = "[No Variations]"
Add component (AddParameter): Name = "Package"; Value = "VFQFN 48"; VariantName = "[No Variations]"
Add component (AddParameter): Name = "Part Number #1"; Value = "ESP32-D0WD-V3"; VariantName = "[No Variations]"
Add component (AddParameter): Name = "Part Number #2"; Value = ""; VariantName = "[No Variations]"
Add component (AddParameter): Name = "Polarized"; Value = "Yes"; VariantName = "[No Variations]"
Add component (AddParameter): Name = "Power Max"; Value = "900mW"; VariantName = "[No Variations]"
Add component (AddParameter): Name = "Supplier 1"; Value = "Digi-Key"; VariantName = "[No Variations]"
Add component (AddParameter): Name = "Supplier Part Number 1"; Value = "1904-ESP32-D0WD-V3CT-ND"; VariantName = "[No Variations]"
Add component (AddParameter): Name = "Temperature"; Value = "-40°C ~ 125°C"; VariantName = "[No Variations]"
Add component (AddParameter): Name = "Tolerance"; Value = ""; VariantName = "[No Variations]"
Add component (AddParameter): Name = "Value"; Value = ""; VariantName = "[No Variations]"
Add component (AddParameter): Name = "VerifiedBy"; Value = ""; VariantName = "[No Variations]"
Add component (AddParameter): Name = "Voltage Rating"; Value = "2.3-3.63"; VariantName = "[No Variations]"
Added Pin To Net: NetName=3V3 Pin=U8-1
Added Pin To Net: NetName=LNA_IN Pin=U8-2
Added Pin To Net: NetName=3V3_WIFI Pin=U8-3
Added Pin To Net: NetName=3V3_WIFI Pin=U8-4
Added Pin To Net: NetName=GND Pin=U8-5
Added Pin To Net: NetName=GND Pin=U8-6
Added Pin To Net: NetName=GND Pin=U8-7
Added Pin To Net: NetName=GND Pin=U8-8
Added Pin To Net: NetName=CHIP_PU Pin=U8-9
Added Pin To Net: NetName=GND Pin=U8-10
Added Pin To Net: NetName=GND Pin=U8-11
Added Pin To Net: NetName=32K_X_P Pin=U8-12
Added Pin To Net: NetName=32K_X_N Pin=U8-13
Added Pin To Net: NetName=JTAG_TMS Pin=U8-17
Added Pin To Net: NetName=JTAG_TDI Pin=U8-18
Added Pin To Net: NetName=3V3 Pin=U8-19
Added Pin To Net: NetName=JTAG_TCK Pin=U8-20
Added Pin To Net: NetName=JTAG_TDO Pin=U8-21
Added Pin To Net: NetName=NetU8_23 Pin=U8-23
Added Pin To Net: NetName=USER_LED Pin=U8-25
Added Pin To Net: NetName=3V3_SDIO Pin=U8-26
Added Pin To Net: NetName=SPI_HD Pin=U8-28
Added Pin To Net: NetName=SPI_WP Pin=U8-29
Added Pin To Net: NetName=SPI_CS0 Pin=U8-30
Added Pin To Net: NetName=SPI_CLK Pin=U8-31
Added Pin To Net: NetName=SPI_Q Pin=U8-32
Added Pin To Net: NetName=SPI_D Pin=U8-33
Added Pin To Net: NetName=VSPI_CS0 Pin=U8-34
Added Pin To Net: NetName=VSPI_CLK Pin=U8-35
Added Pin To Net: NetName=VSPI_D Pin=U8-36
Added Pin To Net: NetName=3V3 Pin=U8-37
Added Pin To Net: NetName=VSPI_Q Pin=U8-38
Added Pin To Net: NetName=VSPI_WP Pin=U8-39
Added Pin To Net: NetName=NetTP22_1 Pin=U8-40
Added Pin To Net: NetName=NetR16_1 Pin=U8-41
Added Pin To Net: NetName=VSPI_HD Pin=U8-42
Added Pin To Net: NetName=3V3 Pin=U8-43
Added Pin To Net: NetName=XTAL_N Pin=U8-44
Added Pin To Net: NetName=NetR11_2 Pin=U8-45
Added Pin To Net: NetName=3V3 Pin=U8-46
Added Pin To Net: NetName=NetC10_2 Pin=U8-47
Added Pin To Net: NetName=NetC10_1 Pin=U8-48
Added Pin To Net: NetName=GND Pin=U8-49
Added Member To Class: ClassName=WIRELESS Member=Component U8 ESP32-D0WD-V3
Added Room: Name=DECAWAVE
