Removed Pin From Net: NetName=UART_USB_TX Pin=TP19-1
Removed Pin From Net: NetName=NetR16_2 Pin=TP21-1
Removed Pin From Net: NetName=NetR16_2 Pin=U11-4
Removed Member From Class: ClassName=USB Member=TP19
Removed Member From Class: ClassName=USB Member=TP20
Change Component Footprint: Designator=TP17 Old Footprint=TPO_5011 New Footprint=TPO_TH_ROUND_100MIL
Change Component Footprint: Designator=TP18 Old Footprint=TPO_5011 New Footprint=TPO_TH_ROUND_100MIL
Change Component Comment : Designator=TP17 Old Comment=5011 New Comment=100MIL
Change Component Comment : Designator=TP18 Old Comment=5011 New Comment=100MIL
Change Component Kind : Designator=TP18 Old Kind=Standard New Kind=Standard (No BOM)
Change Component Kind : Designator=TP17 Old Kind=Standard New Kind=Standard (No BOM)
Change component parameters: Designator = "TP17" ("TP17"); Footprint = "TPO_5011"; UniqueID = "\EZGOIPCZ\MDNFWEDV\XPDALQQK" ("\EZGOIPCZ\MDNFWEDV\XPDALQQK")
Change component parameters (AddParameter): Name = "Assembly Note"; Value = ""; VariantName = "[No Variations]"
Change component parameters (AddParameter): Name = "Assembly Type"; Value = "NONE"; VariantName = "[No Variations]"
Change component parameters (AddParameter): Name = "CreatedBy/Date"; Value = "Louis-Daniel Gaulin/ 14/01/2020"; VariantName = "[No Variations]"
Change component parameters (AddParameter): Name = "Cryo"; Value = "UNKNOWN"; VariantName = "[No Variations]"
Change component parameters (AddParameter): Name = "Current Rating"; Value = ""; VariantName = "[No Variations]"
Change component parameters (AddParameter): Name = "GRAMS Lib Spec"; Value = "2.8c"; VariantName = "[No Variations]"
Change component parameters (AddParameter): Name = "HelpURL"; Value = ""; VariantName = "[No Variations]"
Change component parameters (AddParameter): Name = "Magnetic Material"; Value = "NO"; VariantName = "[No Variations]"
Change component parameters (AddParameter): Name = "Manufacturer #1"; Value = ""; VariantName = "[No Variations]"
Change component parameters (AddParameter): Name = "Manufacturer #2"; Value = ""; VariantName = "[No Variations]"
Change component parameters (AddParameter): Name = "Note"; Value = ""; VariantName = "[No Variations]"
Change component parameters (AddParameter): Name = "Package"; Value = "100 MIL round"; VariantName = "[No Variations]"
Change component parameters (AddParameter): Name = "Part Number #1"; Value = ""; VariantName = "[No Variations]"
Change component parameters (AddParameter): Name = "Part Number #2"; Value = ""; VariantName = "[No Variations]"
Change component parameters (AddParameter): Name = "Polarized"; Value = ""; VariantName = "[No Variations]"
Change component parameters (AddParameter): Name = "Power Max"; Value = ""; VariantName = "[No Variations]"
Change component parameters (AddParameter): Name = "Supplier 1"; Value = ""; VariantName = "[No Variations]"
Change component parameters (AddParameter): Name = "Supplier Part Number 1"; Value = ""; VariantName = "[No Variations]"
Change component parameters (AddParameter): Name = "Temperature"; Value = ""; VariantName = "[No Variations]"
Change component parameters (AddParameter): Name = "Tolerance"; Value = ""; VariantName = "[No Variations]"
Change component parameters (AddParameter): Name = "Value"; Value = ""; VariantName = "[No Variations]"
Change component parameters (AddParameter): Name = "VerifiedBy"; Value = "C.Paulin - 21/01/2020"; VariantName = "[No Variations]"
Change component parameters (AddParameter): Name = "Voltage Rating"; Value = ""; VariantName = "[No Variations]"
Change component parameters: Designator = "TP18" ("TP18"); Footprint = "TPO_5011"; UniqueID = "\EZGOIPCZ\MDNFWEDV\VAYSKUSG" ("\EZGOIPCZ\MDNFWEDV\VAYSKUSG")
Change component parameters (AddParameter): Name = "Assembly Note"; Value = ""; VariantName = "[No Variations]"
Change component parameters (AddParameter): Name = "Assembly Type"; Value = "NONE"; VariantName = "[No Variations]"
Change component parameters (AddParameter): Name = "CreatedBy/Date"; Value = "Louis-Daniel Gaulin/ 14/01/2020"; VariantName = "[No Variations]"
Change component parameters (AddParameter): Name = "Cryo"; Value = "UNKNOWN"; VariantName = "[No Variations]"
Change component parameters (AddParameter): Name = "Current Rating"; Value = ""; VariantName = "[No Variations]"
Change component parameters (AddParameter): Name = "GRAMS Lib Spec"; Value = "2.8c"; VariantName = "[No Variations]"
Change component parameters (AddParameter): Name = "HelpURL"; Value = ""; VariantName = "[No Variations]"
Change component parameters (AddParameter): Name = "Magnetic Material"; Value = "NO"; VariantName = "[No Variations]"
Change component parameters (AddParameter): Name = "Manufacturer #1"; Value = ""; VariantName = "[No Variations]"
Change component parameters (AddParameter): Name = "Manufacturer #2"; Value = ""; VariantName = "[No Variations]"
Change component parameters (AddParameter): Name = "Note"; Value = ""; VariantName = "[No Variations]"
Change component parameters (AddParameter): Name = "Package"; Value = "100 MIL round"; VariantName = "[No Variations]"
Change component parameters (AddParameter): Name = "Part Number #1"; Value = ""; VariantName = "[No Variations]"
Change component parameters (AddParameter): Name = "Part Number #2"; Value = ""; VariantName = "[No Variations]"
Change component parameters (AddParameter): Name = "Polarized"; Value = ""; VariantName = "[No Variations]"
Change component parameters (AddParameter): Name = "Power Max"; Value = ""; VariantName = "[No Variations]"
Change component parameters (AddParameter): Name = "Supplier 1"; Value = ""; VariantName = "[No Variations]"
Change component parameters (AddParameter): Name = "Supplier Part Number 1"; Value = ""; VariantName = "[No Variations]"
Change component parameters (AddParameter): Name = "Temperature"; Value = ""; VariantName = "[No Variations]"
Change component parameters (AddParameter): Name = "Tolerance"; Value = ""; VariantName = "[No Variations]"
Change component parameters (AddParameter): Name = "Value"; Value = ""; VariantName = "[No Variations]"
Change component parameters (AddParameter): Name = "VerifiedBy"; Value = "C.Paulin - 21/01/2020"; VariantName = "[No Variations]"
Change component parameters (AddParameter): Name = "Voltage Rating"; Value = ""; VariantName = "[No Variations]"
Added Pin To Net: NetName=UART_USB_TX Pin=TP18-1
Added Pin To Net: NetName=NetR16_2 Pin=TP22-1
Added Pin To Net: NetName=NetR16_2 Pin=U11-6
Added Pin To Net: NetName=NetTP21_1 Pin=TP21-1
Added Pin To Net: NetName=NetTP21_1 Pin=U8-40
Added Pin To Net: NetName=NetTP21_1 Pin=U11-4
Added Net: Name=NetTP21_1
Added Pin To Net: NetName=NetU11_3 Pin=U11-3
Added Net: Name=NetU11_3
Added Pin To Net: NetName=NetU11_7 Pin=U11-7
Added Net: Name=NetU11_7
